/Users/danielstevens/github-projects/shared-kit/Sources/DesignSystem/DesignSystem.swift:1:1: error: Orphaned Doc Comment Violation: A doc comment should be attached to a declaration (orphaned_doc_comment)
/Users/danielstevens/github-projects/shared-kit/ErrorHandling/AdvancedErrorHandling.swift:1048:1: error: Line Length Violation: Line should be 120 characters or less; currently it has 144 characters (line_length)
/Users/danielstevens/github-projects/shared-kit/Sources/SharedTestSupport/Testing/TestUtilities.swift:50:1: error: Line Length Violation: Line should be 120 characters or less; currently it has 125 characters (line_length)
/Users/danielstevens/github-projects/shared-kit/Sources/Networking/APIClient.swift:32:20: error: Unused Optional Binding Violation: Prefer `!= nil` over `let _ =` (unused_optional_binding)
/Users/danielstevens/github-projects/shared-kit/Sources/SharedTestSupport/Testing/SecurityAuditingSuite.swift:145:25: error: Closure Parameter Position Violation: Closure parameters should be on the same line as opening brace (closure_parameter_position)
/Users/danielstevens/github-projects/shared-kit/Sources/SharedTestSupport/Testing/PerformanceBenchmarkSuite.swift:984:51: error: Large Tuple Violation: Tuples should have at most 2 members (large_tuple)
/Users/danielstevens/github-projects/shared-kit/Sources/SharedTestSupport/Testing/PerformanceBenchmarkSuite.swift:1001:45: error: Large Tuple Violation: Tuples should have at most 2 members (large_tuple)
/Users/danielstevens/github-projects/shared-kit/Sources/SharedTestSupport/Testing/PerformanceBenchmarkSuite.swift:1008:42: error: Large Tuple Violation: Tuples should have at most 2 members (large_tuple)
/Users/danielstevens/github-projects/shared-kit/Sources/SharedTestSupport/Testing/PerformanceBenchmarkSuite.swift:1070:19: error: Large Tuple Violation: Tuples should have at most 2 members (large_tuple)
/Users/danielstevens/github-projects/shared-kit/Sources/SharedTestSupport/Testing/PerformanceBenchmarkSuite.swift:1082:43: error: Large Tuple Violation: Tuples should have at most 2 members (large_tuple)
/Users/danielstevens/github-projects/shared-kit/Sources/SharedTestSupport/Testing/PerformanceBenchmarkSuite.swift:1136:20: error: Large Tuple Violation: Tuples should have at most 2 members (large_tuple)
/Users/danielstevens/github-projects/shared-kit/Sources/SharedTestSupport/Testing/PerformanceBenchmarkSuite.swift:1155:17: error: Large Tuple Violation: Tuples should have at most 2 members (large_tuple)
/Users/danielstevens/github-projects/shared-kit/Sources/SharedTestSupport/Testing/PerformanceBenchmarkSuite.swift:1156:14: error: Large Tuple Violation: Tuples should have at most 2 members (large_tuple)
/Users/danielstevens/github-projects/shared-kit/Sources/SharedTestSupport/Testing/PerformanceBenchmarkSuite.swift:1157:20: error: Large Tuple Violation: Tuples should have at most 2 members (large_tuple)
/Users/danielstevens/github-projects/shared-kit/Sources/SharedKit/UI/InteractiveComponents.swift:59:12: error: Multiple Closures with Trailing Closure Violation: Trailing closure syntax should not be used when passing more than one closure argument (multiple_closures_with_trailing_closure)
/Users/danielstevens/github-projects/shared-kit/Sources/SharedKit/UI/InteractiveComponents.swift:107:12: error: Multiple Closures with Trailing Closure Violation: Trailing closure syntax should not be used when passing more than one closure argument (multiple_closures_with_trailing_closure)
/Users/danielstevens/github-projects/shared-kit/Sources/SharedKit/UI/InteractiveComponents.swift:177:16: error: Multiple Closures with Trailing Closure Violation: Trailing closure syntax should not be used when passing more than one closure argument (multiple_closures_with_trailing_closure)
/Users/danielstevens/github-projects/shared-kit/Sources/SharedKit/UI/InteractiveComponents.swift:646:12: error: Multiple Closures with Trailing Closure Violation: Trailing closure syntax should not be used when passing more than one closure argument (multiple_closures_with_trailing_closure)
